<?xml version="1.0" encoding="UTF-8"?>
<testsuite name="GivenWhiteBox" tests="1" skipped="0" failures="0" errors="0" timestamp="2021-04-02T12:58:30" hostname="BRANDON-PC" time="0.03">
  <properties/>
  <testcase name="BvsRsunny" classname="GivenWhiteBox" time="0.03"/>
  <system-out><![CDATA[
BULLY launches an attack against RALPHIE!
bully uses Body Slam
8.0 damage dealt
RALPHIE has 97.0 health left

RALPHIE launches an attack against BULLY!
ralphie uses Iron Hide, increasing defense stat by 10%
0.0 damage dealt
BULLY has 110.0 health left

BULLY launches an attack against RALPHIE!
bully uses Sleep, increasing health stat by 10%
0.0 damage dealt
RALPHIE has 97.0 health left

RALPHIE launches an attack against BULLY!
ralphie uses Iron Hide, increasing defense stat by 10%
0.0 damage dealt
BULLY has 121.0 health left

BULLY launches an attack against RALPHIE!
bully uses Splash
8.0 damage dealt
RALPHIE has 89.0 health left

RALPHIE launches an attack against BULLY!
ralphie uses Ground Stomp
6.0 damage dealt
BULLY has 115.0 health left

BULLY launches an attack against RALPHIE!
bully uses Ground Pound
8.0 damage dealt
RALPHIE has 81.0 health left

RALPHIE launches an attack against BULLY!
ralphie uses Iron Hide, increasing defense stat by 10%
0.0 damage dealt
BULLY has 115.0 health left

BULLY launches an attack against RALPHIE!
bully uses Splash
8.0 damage dealt
RALPHIE has 73.0 health left

RALPHIE launches an attack against BULLY!
ralphie uses Headbutt
6.0 damage dealt
BULLY has 109.0 health left

BULLY launches an attack against RALPHIE!
bully uses Body Slam
8.0 damage dealt
RALPHIE has 65.0 health left

RALPHIE launches an attack against BULLY!
ralphie uses Flaming Horn
6.0 damage dealt
BULLY has 103.0 health left

BULLY launches an attack against RALPHIE!
bully uses Body Slam
8.0 damage dealt
RALPHIE has 57.0 health left

RALPHIE launches an attack against BULLY!
ralphie uses Ground Stomp
6.0 damage dealt
BULLY has 97.0 health left

BULLY launches an attack against RALPHIE!
bully uses Body Slam
8.0 damage dealt
RALPHIE has 49.0 health left

RALPHIE launches an attack against BULLY!
ralphie uses Ground Stomp
6.0 damage dealt
BULLY has 91.0 health left

BULLY launches an attack against RALPHIE!
bully uses Body Slam
8.0 damage dealt
RALPHIE has 41.0 health left

RALPHIE launches an attack against BULLY!
ralphie uses Flaming Horn
6.0 damage dealt
BULLY has 85.0 health left

BULLY launches an attack against RALPHIE!
bully uses Body Slam
8.0 damage dealt
RALPHIE has 33.0 health left

RALPHIE launches an attack against BULLY!
ralphie uses Ground Stomp
6.0 damage dealt
BULLY has 79.0 health left

BULLY launches an attack against RALPHIE!
bully uses Body Slam
8.0 damage dealt
RALPHIE has 25.0 health left

RALPHIE launches an attack against BULLY!
ralphie uses Flaming Horn
6.0 damage dealt
BULLY has 73.0 health left

BULLY launches an attack against RALPHIE!
bully uses Sleep, increasing health stat by 10%
0.0 damage dealt
RALPHIE has 25.0 health left

RALPHIE launches an attack against BULLY!
ralphie uses Headbutt
6.0 damage dealt
BULLY has 74.0 health left

BULLY launches an attack against RALPHIE!
bully uses Sleep, increasing health stat by 10%
0.0 damage dealt
RALPHIE has 25.0 health left

RALPHIE launches an attack against BULLY!
ralphie uses Headbutt
6.0 damage dealt
BULLY has 75.0 health left

BULLY launches an attack against RALPHIE!
bully uses Splash
8.0 damage dealt
RALPHIE has 17.0 health left

RALPHIE launches an attack against BULLY!
ralphie uses Ground Stomp
6.0 damage dealt
BULLY has 69.0 health left

BULLY launches an attack against RALPHIE!
bully uses Ground Pound
8.0 damage dealt
RALPHIE has 9.0 health left

RALPHIE launches an attack against BULLY!
ralphie uses Ground Stomp
6.0 damage dealt
BULLY has 63.0 health left

BULLY launches an attack against RALPHIE!
bully uses Splash
8.0 damage dealt
RALPHIE has 1.0 health left

RALPHIE launches an attack against BULLY!
ralphie uses Headbutt
6.0 damage dealt
BULLY has 57.0 health left

BULLY launches an attack against RALPHIE!
bully uses Splash
8.0 damage dealt
RALPHIE has -7.0 health left
RALPHIE has fainted in round 17
]]></system-out>
  <system-err><![CDATA[]]></system-err>
</testsuite>
